<?xml version="1.0" encoding="UTF-8"?>
<!-- Generated by org.testng.reporters.JUnitReportReporter -->
<testsuite skipped="0" hostname="DESKTOP-46V8DB5" name="addToCart.Mamacita" tests="1" failures="0" timestamp="13 Jan 2020 12:38:14 GMT" time="54.155" errors="0">
  <testcase name="addMamacitaProductsToCart" time="54.155" classname="addToCart.Mamacita"/>
</testsuite> <!-- addToCart.Mamacita -->
